{"C:\\Users\\ryann\\projects\\CampReady\\Functions\\getRecommendedItems.js": {"path":"C:\\Users\\ryann\\projects\\CampReady\\Functions\\getRecommendedItems.js","statementMap":{"0":{"start":{"line":5,"column":35},"end":{"line":119,"column":3}},"1":{"start":{"line":6,"column":31},"end":{"line":6,"column":58}},"2":{"start":{"line":8,"column":4},"end":{"line":118,"column":5}},"3":{"start":{"line":9,"column":6},"end":{"line":114,"column":7}},"4":{"start":{"line":11,"column":21},"end":{"line":11,"column":61}},"5":{"start":{"line":12,"column":27},"end":{"line":12,"column":82}},"6":{"start":{"line":13,"column":20},"end":{"line":13,"column":22}},"7":{"start":{"line":16,"column":8},"end":{"line":22,"column":9}},"8":{"start":{"line":17,"column":10},"end":{"line":17,"column":77}},"9":{"start":{"line":18,"column":15},"end":{"line":22,"column":9}},"10":{"start":{"line":19,"column":10},"end":{"line":19,"column":72}},"11":{"start":{"line":21,"column":10},"end":{"line":21,"column":74}},"12":{"start":{"line":25,"column":8},"end":{"line":27,"column":9}},"13":{"start":{"line":26,"column":10},"end":{"line":26,"column":65}},"14":{"start":{"line":28,"column":8},"end":{"line":30,"column":9}},"15":{"start":{"line":29,"column":10},"end":{"line":29,"column":65}},"16":{"start":{"line":31,"column":8},"end":{"line":33,"column":9}},"17":{"start":{"line":32,"column":10},"end":{"line":32,"column":86}},"18":{"start":{"line":34,"column":8},"end":{"line":36,"column":9}},"19":{"start":{"line":35,"column":10},"end":{"line":35,"column":55}},"20":{"start":{"line":37,"column":8},"end":{"line":39,"column":9}},"21":{"start":{"line":38,"column":10},"end":{"line":38,"column":37}},"22":{"start":{"line":40,"column":8},"end":{"line":42,"column":9}},"23":{"start":{"line":41,"column":10},"end":{"line":41,"column":48}},"24":{"start":{"line":43,"column":8},"end":{"line":45,"column":9}},"25":{"start":{"line":44,"column":10},"end":{"line":44,"column":36}},"26":{"start":{"line":48,"column":35},"end":{"line":54,"column":9}},"27":{"start":{"line":56,"column":8},"end":{"line":111,"column":9}},"28":{"start":{"line":58,"column":35},"end":{"line":60,"column":11}},"29":{"start":{"line":59,"column":12},"end":{"line":59,"column":120}},"30":{"start":{"line":62,"column":10},"end":{"line":108,"column":11}},"31":{"start":{"line":63,"column":33},"end":{"line":63,"column":52}},"32":{"start":{"line":64,"column":35},"end":{"line":64,"column":57}},"33":{"start":{"line":67,"column":47},"end":{"line":72,"column":13}},"34":{"start":{"line":75,"column":34},"end":{"line":75,"column":112}},"35":{"start":{"line":75,"column":90},"end":{"line":75,"column":111}},"36":{"start":{"line":76,"column":44},"end":{"line":76,"column":104}},"37":{"start":{"line":76,"column":74},"end":{"line":76,"column":103}},"38":{"start":{"line":79,"column":12},"end":{"line":81,"column":13}},"39":{"start":{"line":80,"column":14},"end":{"line":80,"column":85}},"40":{"start":{"line":82,"column":12},"end":{"line":84,"column":13}},"41":{"start":{"line":83,"column":14},"end":{"line":83,"column":57}},"42":{"start":{"line":85,"column":12},"end":{"line":87,"column":13}},"43":{"start":{"line":86,"column":14},"end":{"line":86,"column":63}},"44":{"start":{"line":88,"column":12},"end":{"line":90,"column":13}},"45":{"start":{"line":89,"column":14},"end":{"line":89,"column":81}},"46":{"start":{"line":91,"column":12},"end":{"line":93,"column":13}},"47":{"start":{"line":92,"column":14},"end":{"line":92,"column":92}},"48":{"start":{"line":94,"column":12},"end":{"line":96,"column":13}},"49":{"start":{"line":95,"column":14},"end":{"line":95,"column":79}},"50":{"start":{"line":97,"column":12},"end":{"line":99,"column":13}},"51":{"start":{"line":98,"column":14},"end":{"line":98,"column":79}},"52":{"start":{"line":102,"column":12},"end":{"line":105,"column":15}},"53":{"start":{"line":107,"column":12},"end":{"line":107,"column":70}},"54":{"start":{"line":110,"column":10},"end":{"line":110,"column":75}},"55":{"start":{"line":113,"column":8},"end":{"line":113,"column":66}},"56":{"start":{"line":116,"column":6},"end":{"line":116,"column":74}},"57":{"start":{"line":117,"column":6},"end":{"line":117,"column":47}}},"fnMap":{"0":{"name":"(anonymous_0)","decl":{"start":{"line":5,"column":35},"end":{"line":5,"column":36}},"loc":{"start":{"line":5,"column":83},"end":{"line":119,"column":3}},"line":5},"1":{"name":"(anonymous_1)","decl":{"start":{"line":58,"column":74},"end":{"line":58,"column":75}},"loc":{"start":{"line":59,"column":12},"end":{"line":59,"column":120}},"line":59},"2":{"name":"(anonymous_2)","decl":{"start":{"line":75,"column":78},"end":{"line":75,"column":79}},"loc":{"start":{"line":75,"column":90},"end":{"line":75,"column":111}},"line":75},"3":{"name":"(anonymous_3)","decl":{"start":{"line":76,"column":62},"end":{"line":76,"column":63}},"loc":{"start":{"line":76,"column":74},"end":{"line":76,"column":103}},"line":76}},"branchMap":{"0":{"loc":{"start":{"line":8,"column":4},"end":{"line":118,"column":5}},"type":"if","locations":[{"start":{"line":8,"column":4},"end":{"line":118,"column":5}},{"start":{"line":115,"column":11},"end":{"line":118,"column":5}}],"line":8},"1":{"loc":{"start":{"line":8,"column":8},"end":{"line":8,"column":56}},"type":"binary-expr","locations":[{"start":{"line":8,"column":8},"end":{"line":8,"column":26}},{"start":{"line":8,"column":30},"end":{"line":8,"column":56}}],"line":8},"2":{"loc":{"start":{"line":16,"column":8},"end":{"line":22,"column":9}},"type":"if","locations":[{"start":{"line":16,"column":8},"end":{"line":22,"column":9}},{"start":{"line":18,"column":15},"end":{"line":22,"column":9}}],"line":16},"3":{"loc":{"start":{"line":18,"column":15},"end":{"line":22,"column":9}},"type":"if","locations":[{"start":{"line":18,"column":15},"end":{"line":22,"column":9}},{"start":{"line":20,"column":15},"end":{"line":22,"column":9}}],"line":18},"4":{"loc":{"start":{"line":25,"column":8},"end":{"line":27,"column":9}},"type":"if","locations":[{"start":{"line":25,"column":8},"end":{"line":27,"column":9}},{"start":{},"end":{}}],"line":25},"5":{"loc":{"start":{"line":25,"column":12},"end":{"line":25,"column":73}},"type":"binary-expr","locations":[{"start":{"line":25,"column":12},"end":{"line":25,"column":39}},{"start":{"line":25,"column":43},"end":{"line":25,"column":73}}],"line":25},"6":{"loc":{"start":{"line":28,"column":8},"end":{"line":30,"column":9}},"type":"if","locations":[{"start":{"line":28,"column":8},"end":{"line":30,"column":9}},{"start":{},"end":{}}],"line":28},"7":{"loc":{"start":{"line":31,"column":8},"end":{"line":33,"column":9}},"type":"if","locations":[{"start":{"line":31,"column":8},"end":{"line":33,"column":9}},{"start":{},"end":{}}],"line":31},"8":{"loc":{"start":{"line":34,"column":8},"end":{"line":36,"column":9}},"type":"if","locations":[{"start":{"line":34,"column":8},"end":{"line":36,"column":9}},{"start":{},"end":{}}],"line":34},"9":{"loc":{"start":{"line":34,"column":12},"end":{"line":34,"column":57}},"type":"binary-expr","locations":[{"start":{"line":34,"column":12},"end":{"line":34,"column":44}},{"start":{"line":34,"column":48},"end":{"line":34,"column":57}}],"line":34},"10":{"loc":{"start":{"line":37,"column":8},"end":{"line":39,"column":9}},"type":"if","locations":[{"start":{"line":37,"column":8},"end":{"line":39,"column":9}},{"start":{},"end":{}}],"line":37},"11":{"loc":{"start":{"line":40,"column":8},"end":{"line":42,"column":9}},"type":"if","locations":[{"start":{"line":40,"column":8},"end":{"line":42,"column":9}},{"start":{},"end":{}}],"line":40},"12":{"loc":{"start":{"line":43,"column":8},"end":{"line":45,"column":9}},"type":"if","locations":[{"start":{"line":43,"column":8},"end":{"line":45,"column":9}},{"start":{},"end":{}}],"line":43},"13":{"loc":{"start":{"line":56,"column":8},"end":{"line":111,"column":9}},"type":"if","locations":[{"start":{"line":56,"column":8},"end":{"line":111,"column":9}},{"start":{"line":109,"column":15},"end":{"line":111,"column":9}}],"line":56},"14":{"loc":{"start":{"line":56,"column":12},"end":{"line":56,"column":89}},"type":"binary-expr","locations":[{"start":{"line":56,"column":12},"end":{"line":56,"column":43}},{"start":{"line":56,"column":47},"end":{"line":56,"column":89}}],"line":56},"15":{"loc":{"start":{"line":59,"column":12},"end":{"line":59,"column":120}},"type":"binary-expr","locations":[{"start":{"line":59,"column":12},"end":{"line":59,"column":31}},{"start":{"line":59,"column":35},"end":{"line":59,"column":120}}],"line":59},"16":{"loc":{"start":{"line":62,"column":10},"end":{"line":108,"column":11}},"type":"if","locations":[{"start":{"line":62,"column":10},"end":{"line":108,"column":11}},{"start":{"line":106,"column":17},"end":{"line":108,"column":11}}],"line":62},"17":{"loc":{"start":{"line":79,"column":12},"end":{"line":81,"column":13}},"type":"if","locations":[{"start":{"line":79,"column":12},"end":{"line":81,"column":13}},{"start":{},"end":{}}],"line":79},"18":{"loc":{"start":{"line":82,"column":12},"end":{"line":84,"column":13}},"type":"if","locations":[{"start":{"line":82,"column":12},"end":{"line":84,"column":13}},{"start":{},"end":{}}],"line":82},"19":{"loc":{"start":{"line":85,"column":12},"end":{"line":87,"column":13}},"type":"if","locations":[{"start":{"line":85,"column":12},"end":{"line":87,"column":13}},{"start":{},"end":{}}],"line":85},"20":{"loc":{"start":{"line":88,"column":12},"end":{"line":90,"column":13}},"type":"if","locations":[{"start":{"line":88,"column":12},"end":{"line":90,"column":13}},{"start":{},"end":{}}],"line":88},"21":{"loc":{"start":{"line":91,"column":12},"end":{"line":93,"column":13}},"type":"if","locations":[{"start":{"line":91,"column":12},"end":{"line":93,"column":13}},{"start":{},"end":{}}],"line":91},"22":{"loc":{"start":{"line":94,"column":12},"end":{"line":96,"column":13}},"type":"if","locations":[{"start":{"line":94,"column":12},"end":{"line":96,"column":13}},{"start":{},"end":{}}],"line":94},"23":{"loc":{"start":{"line":97,"column":12},"end":{"line":99,"column":13}},"type":"if","locations":[{"start":{"line":97,"column":12},"end":{"line":99,"column":13}},{"start":{},"end":{}}],"line":97}},"s":{"0":1,"1":9,"2":9,"3":8,"4":8,"5":8,"6":8,"7":8,"8":4,"9":4,"10":2,"11":2,"12":8,"13":1,"14":8,"15":1,"16":8,"17":1,"18":8,"19":1,"20":8,"21":1,"22":8,"23":1,"24":8,"25":1,"26":8,"27":8,"28":8,"29":8,"30":8,"31":8,"32":8,"33":8,"34":8,"35":8,"36":8,"37":8,"38":8,"39":1,"40":8,"41":1,"42":8,"43":1,"44":8,"45":1,"46":8,"47":1,"48":8,"49":1,"50":8,"51":1,"52":8,"53":0,"54":0,"55":0,"56":1,"57":1},"f":{"0":9,"1":8,"2":8,"3":8},"b":{"0":[8,1],"1":[9,8],"2":[4,4],"3":[2,2],"4":[1,7],"5":[8,7],"6":[1,7],"7":[1,7],"8":[1,7],"9":[8,1],"10":[1,7],"11":[1,7],"12":[1,7],"13":[8,0],"14":[8,8],"15":[8,8],"16":[8,0],"17":[1,7],"18":[1,7],"19":[1,7],"20":[1,7],"21":[1,7],"22":[1,7],"23":[1,7]},"_coverageSchema":"1a1c01bbd47fc00a2c39e90264f33305004495a9","hash":"affcd2d3bfd659d664677edffe34b96ea122cca4"}
,"C:\\Users\\ryann\\projects\\CampReady\\Functions\\openNavigationApp.js": {"path":"C:\\Users\\ryann\\projects\\CampReady\\Functions\\openNavigationApp.js","statementMap":{"0":{"start":{"line":6,"column":33},"end":{"line":28,"column":1}},"1":{"start":{"line":7,"column":36},"end":{"line":7,"column":49}},"2":{"start":{"line":9,"column":4},"end":{"line":12,"column":5}},"3":{"start":{"line":10,"column":6},"end":{"line":10,"column":52}},"4":{"start":{"line":11,"column":6},"end":{"line":11,"column":13}},"5":{"start":{"line":15,"column":4},"end":{"line":27,"column":5}},"6":{"start":{"line":16,"column":4},"end":{"line":19,"column":5}},"7":{"start":{"line":17,"column":6},"end":{"line":17,"column":99}},"8":{"start":{"line":18,"column":6},"end":{"line":18,"column":13}},"9":{"start":{"line":21,"column":16},"end":{"line":24,"column":6}},"10":{"start":{"line":26,"column":4},"end":{"line":26,"column":25}}},"fnMap":{"0":{"name":"(anonymous_0)","decl":{"start":{"line":6,"column":33},"end":{"line":6,"column":34}},"loc":{"start":{"line":6,"column":43},"end":{"line":28,"column":1}},"line":6},"1":{"name":"(anonymous_1)","decl":{"start":{"line":15,"column":25},"end":{"line":15,"column":26}},"loc":{"start":{"line":15,"column":34},"end":{"line":27,"column":3}},"line":15}},"branchMap":{"0":{"loc":{"start":{"line":9,"column":4},"end":{"line":12,"column":5}},"type":"if","locations":[{"start":{"line":9,"column":4},"end":{"line":12,"column":5}},{"start":{},"end":{}}],"line":9},"1":{"loc":{"start":{"line":9,"column":8},"end":{"line":9,"column":31}},"type":"binary-expr","locations":[{"start":{"line":9,"column":8},"end":{"line":9,"column":17}},{"start":{"line":9,"column":21},"end":{"line":9,"column":31}}],"line":9},"2":{"loc":{"start":{"line":16,"column":4},"end":{"line":19,"column":5}},"type":"if","locations":[{"start":{"line":16,"column":4},"end":{"line":19,"column":5}},{"start":{},"end":{}}],"line":16}},"s":{"0":1,"1":4,"2":4,"3":1,"4":1,"5":3,"6":3,"7":1,"8":1,"9":2,"10":2},"f":{"0":4,"1":3},"b":{"0":[1,3],"1":[4,3],"2":[1,2]},"_coverageSchema":"1a1c01bbd47fc00a2c39e90264f33305004495a9","hash":"4413a9380ea503f53cc6f0c52e764084c69ff6b9"}
}
