TN:
SF:Functions\getRecommendedItems.js
FN:5,(anonymous_0)
FN:58,(anonymous_1)
FN:75,(anonymous_2)
FN:76,(anonymous_3)
FNF:4
FNH:4
FNDA:9,(anonymous_0)
FNDA:8,(anonymous_1)
FNDA:8,(anonymous_2)
FNDA:8,(anonymous_3)
DA:5,1
DA:6,9
DA:8,9
DA:9,8
DA:11,8
DA:12,8
DA:13,8
DA:16,8
DA:17,4
DA:18,4
DA:19,2
DA:21,2
DA:25,8
DA:26,1
DA:28,8
DA:29,1
DA:31,8
DA:32,1
DA:34,8
DA:35,1
DA:37,8
DA:38,1
DA:40,8
DA:41,1
DA:43,8
DA:44,1
DA:48,8
DA:56,8
DA:58,8
DA:59,8
DA:62,8
DA:63,8
DA:64,8
DA:67,8
DA:75,8
DA:76,8
DA:79,8
DA:80,1
DA:82,8
DA:83,1
DA:85,8
DA:86,1
DA:88,8
DA:89,1
DA:91,8
DA:92,1
DA:94,8
DA:95,1
DA:97,8
DA:98,1
DA:102,8
DA:107,0
DA:110,0
DA:113,0
DA:116,1
DA:117,1
LF:56
LH:53
BRDA:8,0,0,8
BRDA:8,0,1,1
BRDA:8,1,0,9
BRDA:8,1,1,8
BRDA:16,2,0,4
BRDA:16,2,1,4
BRDA:18,3,0,2
BRDA:18,3,1,2
BRDA:25,4,0,1
BRDA:25,4,1,7
BRDA:25,5,0,8
BRDA:25,5,1,7
BRDA:28,6,0,1
BRDA:28,6,1,7
BRDA:31,7,0,1
BRDA:31,7,1,7
BRDA:34,8,0,1
BRDA:34,8,1,7
BRDA:34,9,0,8
BRDA:34,9,1,1
BRDA:37,10,0,1
BRDA:37,10,1,7
BRDA:40,11,0,1
BRDA:40,11,1,7
BRDA:43,12,0,1
BRDA:43,12,1,7
BRDA:56,13,0,8
BRDA:56,13,1,0
BRDA:56,14,0,8
BRDA:56,14,1,8
BRDA:59,15,0,8
BRDA:59,15,1,8
BRDA:62,16,0,8
BRDA:62,16,1,0
BRDA:79,17,0,1
BRDA:79,17,1,7
BRDA:82,18,0,1
BRDA:82,18,1,7
BRDA:85,19,0,1
BRDA:85,19,1,7
BRDA:88,20,0,1
BRDA:88,20,1,7
BRDA:91,21,0,1
BRDA:91,21,1,7
BRDA:94,22,0,1
BRDA:94,22,1,7
BRDA:97,23,0,1
BRDA:97,23,1,7
BRF:48
BRH:46
end_of_record
TN:
SF:Functions\openNavigationApp.js
FN:6,(anonymous_0)
FN:15,(anonymous_1)
FNF:2
FNH:2
FNDA:4,(anonymous_0)
FNDA:3,(anonymous_1)
DA:6,1
DA:7,4
DA:9,4
DA:10,1
DA:11,1
DA:15,3
DA:16,3
DA:17,1
DA:18,1
DA:21,2
DA:26,2
LF:11
LH:11
BRDA:9,0,0,1
BRDA:9,0,1,3
BRDA:9,1,0,4
BRDA:9,1,1,3
BRDA:16,2,0,1
BRDA:16,2,1,2
BRF:6
BRH:6
end_of_record
